# JRE version: OpenJDK Runtime Environment (11.0.10) (build 11.0.10+0-b96-7249189)
# Java VM: OpenJDK 64-Bit Server VM (11.0.10+0-b96-7249189, mixed mode, tiered, compressed oops, g1 gc, windows-amd64)
Heap:
 garbage-first heap   total 122880K, used 58154K [0x0000000080000000, 0x0000000100000000)
  region size 1024K, 45 young (46080K), 6 survivors (6144K)
 Metaspace       used 34360K, capacity 35195K, committed 35200K, reserved 1079296K
  class space    used 4464K, capacity 4736K, committed 4736K, reserved 1048576K
GC Heap History (12 events):
Event: 1.287 GC heap before
{Heap before GC invocations=0 (full 0):
 garbage-first heap   total 122880K, used 19456K [0x0000000080000000, 0x0000000100000000)
  region size 1024K, 14 young (14336K), 0 survivors (0K)
 Metaspace       used 6745K, capacity 6925K, committed 7168K, reserved 1056768K
  class space    used 582K, capacity 650K, committed 768K, reserved 1048576K
}
Event: 1.294 GC heap after
{Heap after GC invocations=1 (full 0):
 garbage-first heap   total 122880K, used 8312K [0x0000000080000000, 0x0000000100000000)
  region size 1024K, 2 young (2048K), 2 survivors (2048K)
 Metaspace       used 6745K, capacity 6925K, committed 7168K, reserved 1056768K
  class space    used 582K, capacity 650K, committed 768K, reserved 1048576K
}
Event: 1.882 GC heap before
{Heap before GC invocations=1 (full 0):
 garbage-first heap   total 122880K, used 19576K [0x0000000080000000, 0x0000000100000000)
  region size 1024K, 13 young (13312K), 2 survivors (2048K)
 Metaspace       used 10230K, capacity 10428K, committed 10624K, reserved 1058816K
  class space    used 1064K, capacity 1140K, committed 1152K, reserved 1048576K
}
Event: 1.889 GC heap after
{Heap after GC invocations=2 (full 0):
 garbage-first heap   total 122880K, used 9393K [0x0000000080000000, 0x0000000100000000)
  region size 1024K, 2 young (2048K), 2 survivors (2048K)
 Metaspace       used 10230K, capacity 10428K, committed 10624K, reserved 1058816K
  class space    used 1064K, capacity 1140K, committed 1152K, reserved 1048576K
}
Event: 2.871 GC heap before
{Heap before GC invocations=2 (full 0):
 garbage-first heap   total 122880K, used 42161K [0x0000000080000000, 0x0000000100000000)
  region size 1024K, 34 young (34816K), 2 survivors (2048K)
 Metaspace       used 11204K, capacity 11445K, committed 11520K, reserved 1058816K
  class space    used 1165K, capacity 1244K, committed 1280K, reserved 1048576K
}
Event: 2.878 GC heap after
{Heap after GC invocations=3 (full 0):
 garbage-first heap   total 122880K, used 12887K [0x0000000080000000, 0x0000000100000000)
  region size 1024K, 5 young (5120K), 5 survivors (5120K)
 Metaspace       used 11204K, capacity 11445K, committed 11520K, reserved 1058816K
  class space    used 1165K, capacity 1244K, committed 1280K, reserved 1048576K
}
Event: 6.955 GC heap before
{Heap before GC invocations=3 (full 0):
 garbage-first heap   total 122880K, used 73303K [0x0000000080000000, 0x0000000100000000)
  region size 1024K, 64 young (65536K), 5 survivors (5120K)
 Metaspace       used 20526K, capacity 21029K, committed 21248K, reserved 1067008K
  class space    used 2506K, capacity 2689K, committed 2816K, reserved 1048576K
}
Event: 6.967 GC heap after
{Heap after GC invocations=4 (full 0):
 garbage-first heap   total 122880K, used 16736K [0x0000000080000000, 0x0000000100000000)
  region size 1024K, 8 young (8192K), 8 survivors (8192K)
 Metaspace       used 20526K, capacity 21029K, committed 21248K, reserved 1067008K
  class space    used 2506K, capacity 2689K, committed 2816K, reserved 1048576K
}
Event: 6.993 GC heap before
{Heap before GC invocations=4 (full 0):
 garbage-first heap   total 122880K, used 16736K [0x0000000080000000, 0x0000000100000000)
  region size 1024K, 9 young (9216K), 8 survivors (8192K)
 Metaspace       used 20649K, capacity 21125K, committed 21248K, reserved 1067008K
  class space    used 2523K, capacity 2721K, committed 2816K, reserved 1048576K
}
Event: 7.004 GC heap after
{Heap after GC invocations=5 (full 0):
 garbage-first heap   total 122880K, used 17317K [0x0000000080000000, 0x0000000100000000)
  region size 1024K, 4 young (4096K), 4 survivors (4096K)
 Metaspace       used 20649K, capacity 21125K, committed 21248K, reserved 1067008K
  class space    used 2523K, capacity 2721K, committed 2816K, reserved 1048576K
}
Event: 8.727 GC heap before
{Heap before GC invocations=6 (full 0):
 garbage-first heap   total 122880K, used 82853K [0x0000000080000000, 0x0000000100000000)
  region size 1024K, 68 young (69632K), 4 survivors (4096K)
 Metaspace       used 26883K, capacity 27580K, committed 27648K, reserved 1073152K
  class space    used 3548K, capacity 3794K, committed 3840K, reserved 1048576K
}
Event: 8.741 GC heap after
{Heap after GC invocations=7 (full 0):
 garbage-first heap   total 122880K, used 19242K [0x0000000080000000, 0x0000000100000000)
  region size 1024K, 6 young (6144K), 6 survivors (6144K)
 Metaspace       used 26883K, capacity 27580K, committed 27648K, reserved 1073152K
  class space    used 3548K, capacity 3794K, committed 3840K, reserved 1048576K
}

