# JRE version: OpenJDK Runtime Environment (11.0.10) (build 11.0.10+0-b96-7249189)
# Java VM: OpenJDK 64-Bit Server VM (11.0.10+0-b96-7249189, mixed mode, tiered, compressed oops, g1 gc, windows-amd64)
Heap:
 garbage-first heap   total 177152K, used 129190K [0x0000000080000000, 0x0000000100000000)
  region size 1024K, 26 young (26624K), 6 survivors (6144K)
 Metaspace       used 102286K, capacity 105013K, committed 105292K, reserved 1140736K
  class space    used 13105K, capacity 14091K, committed 14208K, reserved 1048576K
GC Heap History (20 events):
Event: 49.230 GC heap before
{Heap before GC invocations=39 (full 0):
 garbage-first heap   total 147456K, used 118501K [0x0000000080000000, 0x0000000100000000)
  region size 1024K, 30 young (30720K), 2 survivors (2048K)
 Metaspace       used 78131K, capacity 80163K, committed 80460K, reserved 1118208K
  class space    used 10122K, capacity 10822K, committed 10880K, reserved 1048576K
}
Event: 49.241 GC heap after
{Heap after GC invocations=40 (full 0):
 garbage-first heap   total 147456K, used 91612K [0x0000000080000000, 0x0000000100000000)
  region size 1024K, 4 young (4096K), 4 survivors (4096K)
 Metaspace       used 78131K, capacity 80163K, committed 80460K, reserved 1118208K
  class space    used 10122K, capacity 10822K, committed 10880K, reserved 1048576K
}
Event: 50.011 GC heap before
{Heap before GC invocations=40 (full 0):
 garbage-first heap   total 147456K, used 115164K [0x0000000080000000, 0x0000000100000000)
  region size 1024K, 29 young (29696K), 4 survivors (4096K)
 Metaspace       used 79904K, capacity 82076K, committed 82252K, reserved 1120256K
  class space    used 10340K, capacity 11075K, committed 11136K, reserved 1048576K
}
Event: 50.020 GC heap after
{Heap after GC invocations=41 (full 0):
 garbage-first heap   total 147456K, used 94004K [0x0000000080000000, 0x0000000100000000)
  region size 1024K, 4 young (4096K), 4 survivors (4096K)
 Metaspace       used 79904K, capacity 82076K, committed 82252K, reserved 1120256K
  class space    used 10340K, capacity 11075K, committed 11136K, reserved 1048576K
}
Event: 50.944 GC heap before
{Heap before GC invocations=42 (full 0):
 garbage-first heap   total 147456K, used 122676K [0x0000000080000000, 0x0000000100000000)
  region size 1024K, 31 young (31744K), 4 survivors (4096K)
 Metaspace       used 83537K, capacity 85677K, committed 85964K, reserved 1124352K
  class space    used 10780K, capacity 11478K, committed 11520K, reserved 1048576K
}
Event: 50.952 GC heap after
{Heap after GC invocations=43 (full 0):
 garbage-first heap   total 147456K, used 94866K [0x0000000080000000, 0x0000000100000000)
  region size 1024K, 2 young (2048K), 2 survivors (2048K)
 Metaspace       used 83537K, capacity 85677K, committed 85964K, reserved 1124352K
  class space    used 10780K, capacity 11478K, committed 11520K, reserved 1048576K
}
Event: 51.896 GC heap before
{Heap before GC invocations=43 (full 0):
 garbage-first heap   total 147456K, used 121490K [0x0000000080000000, 0x0000000100000000)
  region size 1024K, 28 young (28672K), 2 survivors (2048K)
 Metaspace       used 87262K, capacity 89416K, committed 89548K, reserved 1126400K
  class space    used 11207K, capacity 11927K, committed 12032K, reserved 1048576K
}
Event: 51.906 GC heap after
{Heap after GC invocations=44 (full 0):
 garbage-first heap   total 177152K, used 96383K [0x0000000080000000, 0x0000000100000000)
  region size 1024K, 3 young (3072K), 3 survivors (3072K)
 Metaspace       used 87262K, capacity 89416K, committed 89548K, reserved 1126400K
  class space    used 11207K, capacity 11927K, committed 12032K, reserved 1048576K
}
Event: 53.750 GC heap before
{Heap before GC invocations=45 (full 0):
 garbage-first heap   total 177152K, used 133247K [0x0000000080000000, 0x0000000100000000)
  region size 1024K, 40 young (40960K), 3 survivors (3072K)
 Metaspace       used 89686K, capacity 92113K, committed 92236K, reserved 1128448K
  class space    used 11547K, capacity 12366K, committed 12416K, reserved 1048576K
}
Event: 53.762 GC heap after
{Heap after GC invocations=46 (full 0):
 garbage-first heap   total 177152K, used 99154K [0x0000000080000000, 0x0000000100000000)
  region size 1024K, 5 young (5120K), 5 survivors (5120K)
 Metaspace       used 89686K, capacity 92113K, committed 92236K, reserved 1128448K
  class space    used 11547K, capacity 12366K, committed 12416K, reserved 1048576K
}
Event: 55.332 GC heap before
{Heap before GC invocations=46 (full 0):
 garbage-first heap   total 177152K, used 136018K [0x0000000080000000, 0x0000000100000000)
  region size 1024K, 42 young (43008K), 5 survivors (5120K)
 Metaspace       used 90145K, capacity 92504K, committed 92748K, reserved 1130496K
  class space    used 11568K, capacity 12374K, committed 12416K, reserved 1048576K
}
Event: 55.347 GC heap after
{Heap after GC invocations=47 (full 0):
 garbage-first heap   total 177152K, used 101440K [0x0000000080000000, 0x0000000100000000)
  region size 1024K, 5 young (5120K), 5 survivors (5120K)
 Metaspace       used 90145K, capacity 92504K, committed 92748K, reserved 1130496K
  class space    used 11568K, capacity 12374K, committed 12416K, reserved 1048576K
}
Event: 57.028 GC heap before
{Heap before GC invocations=48 (full 0):
 garbage-first heap   total 177152K, used 139328K [0x0000000080000000, 0x0000000100000000)
  region size 1024K, 43 young (44032K), 5 survivors (5120K)
 Metaspace       used 93373K, capacity 95888K, committed 96076K, reserved 1132544K
  class space    used 11974K, capacity 12871K, committed 12928K, reserved 1048576K
}
Event: 57.042 GC heap after
{Heap after GC invocations=49 (full 0):
 garbage-first heap   total 177152K, used 103558K [0x0000000080000000, 0x0000000100000000)
  region size 1024K, 5 young (5120K), 5 survivors (5120K)
 Metaspace       used 93373K, capacity 95888K, committed 96076K, reserved 1132544K
  class space    used 11974K, capacity 12871K, committed 12928K, reserved 1048576K
}
Event: 58.036 GC heap before
{Heap before GC invocations=49 (full 0):
 garbage-first heap   total 177152K, used 142470K [0x0000000080000000, 0x0000000100000000)
  region size 1024K, 43 young (44032K), 5 survivors (5120K)
 Metaspace       used 96040K, capacity 98573K, committed 98764K, reserved 1134592K
  class space    used 12361K, capacity 13308K, committed 13312K, reserved 1048576K
}
Event: 58.046 GC heap after
{Heap after GC invocations=50 (full 0):
 garbage-first heap   total 177152K, used 104633K [0x0000000080000000, 0x0000000100000000)
  region size 1024K, 4 young (4096K), 4 survivors (4096K)
 Metaspace       used 96040K, capacity 98573K, committed 98764K, reserved 1134592K
  class space    used 12361K, capacity 13308K, committed 13312K, reserved 1048576K
}
Event: 58.873 GC heap before
{Heap before GC invocations=51 (full 0):
 garbage-first heap   total 177152K, used 144569K [0x0000000080000000, 0x0000000100000000)
  region size 1024K, 43 young (44032K), 4 survivors (4096K)
 Metaspace       used 98709K, capacity 101141K, committed 101452K, reserved 1136640K
  class space    used 12645K, capacity 13543K, committed 13696K, reserved 1048576K
}
Event: 58.885 GC heap after
{Heap after GC invocations=52 (full 0):
 garbage-first heap   total 177152K, used 106784K [0x0000000080000000, 0x0000000100000000)
  region size 1024K, 6 young (6144K), 6 survivors (6144K)
 Metaspace       used 98709K, capacity 101141K, committed 101452K, reserved 1136640K
  class space    used 12645K, capacity 13543K, committed 13696K, reserved 1048576K
}
Event: 60.058 GC heap before
{Heap before GC invocations=52 (full 0):
 garbage-first heap   total 177152K, used 145696K [0x0000000080000000, 0x0000000100000000)
  region size 1024K, 44 young (45056K), 6 survivors (6144K)
 Metaspace       used 100190K, capacity 102761K, committed 102860K, reserved 1138688K
  class space    used 12834K, capacity 13768K, committed 13824K, reserved 1048576K
}
Event: 60.072 GC heap after
{Heap after GC invocations=53 (full 0):
 garbage-first heap   total 177152K, used 109734K [0x0000000080000000, 0x0000000100000000)
  region size 1024K, 6 young (6144K), 6 survivors (6144K)
 Metaspace       used 100190K, capacity 102761K, committed 102860K, reserved 1138688K
  class space    used 12834K, capacity 13768K, committed 13824K, reserved 1048576K
}

