# JRE version: OpenJDK Runtime Environment (11.0.10) (build 11.0.10+0-b96-7249189)
# Java VM: OpenJDK 64-Bit Server VM (11.0.10+0-b96-7249189, mixed mode, tiered, compressed oops, g1 gc, windows-amd64)
Heap:
 garbage-first heap   total 122880K, used 56493K [0x0000000080000000, 0x0000000100000000)
  region size 1024K, 42 young (43008K), 2 survivors (2048K)
 Metaspace       used 24674K, capacity 25217K, committed 25472K, reserved 1071104K
  class space    used 3190K, capacity 3387K, committed 3456K, reserved 1048576K
GC Heap History (8 events):
Event: 0.934 GC heap before
{Heap before GC invocations=0 (full 0):
 garbage-first heap   total 122880K, used 19456K [0x0000000080000000, 0x0000000100000000)
  region size 1024K, 14 young (14336K), 0 survivors (0K)
 Metaspace       used 6739K, capacity 6925K, committed 7168K, reserved 1056768K
  class space    used 582K, capacity 650K, committed 768K, reserved 1048576K
}
Event: 0.944 GC heap after
{Heap after GC invocations=1 (full 0):
 garbage-first heap   total 122880K, used 8087K [0x0000000080000000, 0x0000000100000000)
  region size 1024K, 2 young (2048K), 2 survivors (2048K)
 Metaspace       used 6739K, capacity 6925K, committed 7168K, reserved 1056768K
  class space    used 582K, capacity 650K, committed 768K, reserved 1048576K
}
Event: 4.708 GC heap before
{Heap before GC invocations=1 (full 0):
 garbage-first heap   total 122880K, used 79767K [0x0000000080000000, 0x0000000100000000)
  region size 1024K, 72 young (73728K), 2 survivors (2048K)
 Metaspace       used 16236K, capacity 16647K, committed 16896K, reserved 1064960K
  class space    used 1862K, capacity 2001K, committed 2048K, reserved 1048576K
}
Event: 4.722 GC heap after
{Heap after GC invocations=2 (full 0):
 garbage-first heap   total 122880K, used 15113K [0x0000000080000000, 0x0000000100000000)
  region size 1024K, 9 young (9216K), 9 survivors (9216K)
 Metaspace       used 16236K, capacity 16647K, committed 16896K, reserved 1064960K
  class space    used 1862K, capacity 2001K, committed 2048K, reserved 1048576K
}
Event: 5.818 GC heap before
{Heap before GC invocations=2 (full 0):
 garbage-first heap   total 122880K, used 48905K [0x0000000080000000, 0x0000000100000000)
  region size 1024K, 42 young (43008K), 9 survivors (9216K)
 Metaspace       used 20635K, capacity 21125K, committed 21248K, reserved 1067008K
  class space    used 2522K, capacity 2721K, committed 2816K, reserved 1048576K
}
Event: 5.831 GC heap after
{Heap after GC invocations=3 (full 0):
 garbage-first heap   total 122880K, used 16924K [0x0000000080000000, 0x0000000100000000)
  region size 1024K, 2 young (2048K), 2 survivors (2048K)
 Metaspace       used 20635K, capacity 21125K, committed 21248K, reserved 1067008K
  class space    used 2522K, capacity 2721K, committed 2816K, reserved 1048576K
}
Event: 5.838 GC heap before
{Heap before GC invocations=3 (full 0):
 garbage-first heap   total 122880K, used 16924K [0x0000000080000000, 0x0000000100000000)
  region size 1024K, 3 young (3072K), 2 survivors (2048K)
 Metaspace       used 20648K, capacity 21125K, committed 21248K, reserved 1067008K
  class space    used 2525K, capacity 2721K, committed 2816K, reserved 1048576K
}
Event: 5.842 GC heap after
{Heap after GC invocations=4 (full 0):
 garbage-first heap   total 122880K, used 16557K [0x0000000080000000, 0x0000000100000000)
  region size 1024K, 2 young (2048K), 2 survivors (2048K)
 Metaspace       used 20648K, capacity 21125K, committed 21248K, reserved 1067008K
  class space    used 2525K, capacity 2721K, committed 2816K, reserved 1048576K
}

