# JRE version: OpenJDK Runtime Environment (11.0.10) (build 11.0.10+0-b96-7249189)
# Java VM: OpenJDK 64-Bit Server VM (11.0.10+0-b96-7249189, mixed mode, tiered, compressed oops, g1 gc, windows-amd64)
Heap:
 garbage-first heap   total 122880K, used 71931K [0x0000000080000000, 0x0000000100000000)
  region size 1024K, 57 young (58368K), 4 survivors (4096K)
 Metaspace       used 33987K, capacity 34803K, committed 34944K, reserved 1079296K
  class space    used 4418K, capacity 4713K, committed 4736K, reserved 1048576K
GC Heap History (10 events):
Event: 1.223 GC heap before
{Heap before GC invocations=0 (full 0):
 garbage-first heap   total 122880K, used 19456K [0x0000000080000000, 0x0000000100000000)
  region size 1024K, 14 young (14336K), 0 survivors (0K)
 Metaspace       used 6747K, capacity 6921K, committed 7168K, reserved 1056768K
  class space    used 582K, capacity 650K, committed 768K, reserved 1048576K
}
Event: 1.231 GC heap after
{Heap after GC invocations=1 (full 0):
 garbage-first heap   total 122880K, used 8042K [0x0000000080000000, 0x0000000100000000)
  region size 1024K, 2 young (2048K), 2 survivors (2048K)
 Metaspace       used 6747K, capacity 6921K, committed 7168K, reserved 1056768K
  class space    used 582K, capacity 650K, committed 768K, reserved 1048576K
}
Event: 4.915 GC heap before
{Heap before GC invocations=1 (full 0):
 garbage-first heap   total 122880K, used 79722K [0x0000000080000000, 0x0000000100000000)
  region size 1024K, 72 young (73728K), 2 survivors (2048K)
 Metaspace       used 16201K, capacity 16579K, committed 16640K, reserved 1064960K
  class space    used 1856K, capacity 2001K, committed 2048K, reserved 1048576K
}
Event: 4.929 GC heap after
{Heap after GC invocations=2 (full 0):
 garbage-first heap   total 122880K, used 15111K [0x0000000080000000, 0x0000000100000000)
  region size 1024K, 9 young (9216K), 9 survivors (9216K)
 Metaspace       used 16201K, capacity 16579K, committed 16640K, reserved 1064960K
  class space    used 1856K, capacity 2001K, committed 2048K, reserved 1048576K
}
Event: 5.833 GC heap before
{Heap before GC invocations=2 (full 0):
 garbage-first heap   total 122880K, used 48903K [0x0000000080000000, 0x0000000100000000)
  region size 1024K, 42 young (43008K), 9 survivors (9216K)
 Metaspace       used 20451K, capacity 20927K, committed 21120K, reserved 1067008K
  class space    used 2496K, capacity 2655K, committed 2688K, reserved 1048576K
}
Event: 5.845 GC heap after
{Heap after GC invocations=3 (full 0):
 garbage-first heap   total 122880K, used 17338K [0x0000000080000000, 0x0000000100000000)
  region size 1024K, 2 young (2048K), 2 survivors (2048K)
 Metaspace       used 20451K, capacity 20927K, committed 21120K, reserved 1067008K
  class space    used 2496K, capacity 2655K, committed 2688K, reserved 1048576K
}
Event: 5.866 GC heap before
{Heap before GC invocations=3 (full 0):
 garbage-first heap   total 122880K, used 17338K [0x0000000080000000, 0x0000000100000000)
  region size 1024K, 3 young (3072K), 2 survivors (2048K)
 Metaspace       used 20630K, capacity 21121K, committed 21248K, reserved 1067008K
  class space    used 2520K, capacity 2721K, committed 2816K, reserved 1048576K
}
Event: 5.870 GC heap after
{Heap after GC invocations=4 (full 0):
 garbage-first heap   total 122880K, used 17046K [0x0000000080000000, 0x0000000100000000)
  region size 1024K, 2 young (2048K), 2 survivors (2048K)
 Metaspace       used 20630K, capacity 21121K, committed 21248K, reserved 1067008K
  class space    used 2520K, capacity 2721K, committed 2816K, reserved 1048576K
}
Event: 7.333 GC heap before
{Heap before GC invocations=5 (full 0):
 garbage-first heap   total 122880K, used 67222K [0x0000000080000000, 0x0000000100000000)
  region size 1024K, 51 young (52224K), 2 survivors (2048K)
 Metaspace       used 25763K, capacity 26421K, committed 26752K, reserved 1073152K
  class space    used 3365K, capacity 3599K, committed 3712K, reserved 1048576K
}
Event: 7.339 GC heap after
{Heap after GC invocations=6 (full 0):
 garbage-first heap   total 122880K, used 18683K [0x0000000080000000, 0x0000000100000000)
  region size 1024K, 4 young (4096K), 4 survivors (4096K)
 Metaspace       used 25763K, capacity 26421K, committed 26752K, reserved 1073152K
  class space    used 3365K, capacity 3599K, committed 3712K, reserved 1048576K
}

